[INFO] Scanning for projects...
[INFO] 
[INFO] --------------------< com.library:library-backend >---------------------
[INFO] Building library-backend 0.0.1-SNAPSHOT
[INFO]   from pom.xml
[INFO] --------------------------------[ jar ]---------------------------------
[INFO] 
[INFO] >>> spring-boot:3.2.4:run (default-cli) > test-compile @ library-backend >>>
[INFO] 
[INFO] --- resources:3.3.1:resources (default-resources) @ library-backend ---
[INFO] Copying 1 resource from src\main\resources to target\classes
[INFO] Copying 0 resource from src\main\resources to target\classes
[INFO] 
[INFO] --- compiler:3.11.0:compile (default-compile) @ library-backend ---
[INFO] Nothing to compile - all classes are up to date
[INFO] 
[INFO] --- resources:3.3.1:testResources (default-testResources) @ library-backend ---
[INFO] skip non existing resourceDirectory C:\Users\HOME\OneDrive\Hcl Tech training days tasks\mock_hackathon\library-backend\src\test\resources
[INFO] 
[INFO] --- compiler:3.11.0:testCompile (default-testCompile) @ library-backend ---
[INFO] No sources to compile
[INFO] 
[INFO] <<< spring-boot:3.2.4:run (default-cli) < test-compile @ library-backend <<<
[INFO] 
[INFO] 
[INFO] --- spring-boot:3.2.4:run (default-cli) @ library-backend ---
[INFO] Attaching agents: []

  .   ____          _            __ _ _
 /\\ / ___'_ __ _ _(_)_ __  __ _ \ \ \ \
( ( )\___ | '_ | '_| | '_ \/ _` | \ \ \ \
 \\/  ___)| |_)| | | | | || (_| |  ) ) ) )
  '  |____| .__|_| |_|_| |_\__, | / / / /
 =========|_|==============|___/=/_/_/_/
 :: Spring Boot ::                (v3.2.4)

2026-04-07T11:15:38.446+05:30  INFO 11552 --- [library-backend] [           main] com.library.LibraryApplication           : Starting LibraryApplication using Java 21.0.1 with PID 11552 (C:\Users\HOME\OneDrive\Hcl Tech training days tasks\mock_hackathon\library-backend\target\classes started by HOME in C:\Users\HOME\OneDrive\Hcl Tech training days tasks\mock_hackathon\library-backend)
2026-04-07T11:15:38.448+05:30  INFO 11552 --- [library-backend] [           main] com.library.LibraryApplication           : No active profile set, falling back to 1 default profile: "default"
2026-04-07T11:15:39.425+05:30  INFO 11552 --- [library-backend] [           main] .s.d.r.c.RepositoryConfigurationDelegate : Bootstrapping Spring Data JPA repositories in DEFAULT mode.
2026-04-07T11:15:39.550+05:30  INFO 11552 --- [library-backend] [           main] .s.d.r.c.RepositoryConfigurationDelegate : Finished Spring Data repository scanning in 113 ms. Found 3 JPA repository interfaces.
2026-04-07T11:15:40.550+05:30  INFO 11552 --- [library-backend] [           main] o.s.b.w.embedded.tomcat.TomcatWebServer  : Tomcat initialized with port 8080 (http)
2026-04-07T11:15:40.572+05:30  INFO 11552 --- [library-backend] [           main] o.apache.catalina.core.StandardService   : Starting service [Tomcat]
2026-04-07T11:15:40.573+05:30  INFO 11552 --- [library-backend] [           main] o.apache.catalina.core.StandardEngine    : Starting Servlet engine: [Apache Tomcat/10.1.19]
2026-04-07T11:15:40.686+05:30  INFO 11552 --- [library-backend] [           main] o.a.c.c.C.[Tomcat].[localhost].[/]       : Initializing Spring embedded WebApplicationContext
2026-04-07T11:15:40.686+05:30  INFO 11552 --- [library-backend] [           main] w.s.c.ServletWebServerApplicationContext : Root WebApplicationContext: initialization completed in 2170 ms
2026-04-07T11:15:40.923+05:30  INFO 11552 --- [library-backend] [           main] o.hibernate.jpa.internal.util.LogHelper  : HHH000204: Processing PersistenceUnitInfo [name: default]
2026-04-07T11:15:41.046+05:30  INFO 11552 --- [library-backend] [           main] org.hibernate.Version                    : HHH000412: Hibernate ORM core version 6.4.4.Final
2026-04-07T11:15:41.102+05:30  INFO 11552 --- [library-backend] [           main] o.h.c.internal.RegionFactoryInitiator    : HHH000026: Second-level cache disabled
2026-04-07T11:15:41.484+05:30  INFO 11552 --- [library-backend] [           main] o.s.o.j.p.SpringPersistenceUnitInfo      : No LoadTimeWeaver setup: ignoring JPA class transformer
2026-04-07T11:15:41.528+05:30  INFO 11552 --- [library-backend] [           main] com.zaxxer.hikari.HikariDataSource       : HikariPool-1 - Starting...
2026-04-07T11:15:41.766+05:30  INFO 11552 --- [library-backend] [           main] com.zaxxer.hikari.pool.HikariPool        : HikariPool-1 - Added connection com.mysql.cj.jdbc.ConnectionImpl@49038f97
2026-04-07T11:15:41.769+05:30  INFO 11552 --- [library-backend] [           main] com.zaxxer.hikari.HikariDataSource       : HikariPool-1 - Start completed.
2026-04-07T11:15:41.833+05:30  WARN 11552 --- [library-backend] [           main] org.hibernate.orm.deprecation            : HHH90000025: MySQLDialect does not need to be specified explicitly using 'hibernate.dialect' (remove the property setting and it will be selected by default)
2026-04-07T11:15:43.132+05:30  INFO 11552 --- [library-backend] [           main] o.h.e.t.j.p.i.JtaPlatformInitiator       : HHH000489: No JTA platform available (set 'hibernate.transaction.jta.platform' to enable JTA platform integration)
2026-04-07T11:15:43.255+05:30  INFO 11552 --- [library-backend] [           main] j.LocalContainerEntityManagerFactoryBean : Initialized JPA EntityManagerFactory for persistence unit 'default'
2026-04-07T11:15:43.979+05:30  WARN 11552 --- [library-backend] [           main] JpaBaseConfiguration$JpaWebConfiguration : spring.jpa.open-in-view is enabled by default. Therefore, database queries may be performed during view rendering. Explicitly configure spring.jpa.open-in-view to disable this warning
2026-04-07T11:15:44.386+05:30  INFO 11552 --- [library-backend] [           main] o.s.s.web.DefaultSecurityFilterChain     : Will secure any request with [org.springframework.security.web.session.DisableEncodeUrlFilter@744199bb, org.springframework.security.web.context.request.async.WebAsyncManagerIntegrationFilter@6ce8bf64, org.springframework.security.web.context.SecurityContextHolderFilter@7d49fe37, org.springframework.security.web.header.HeaderWriterFilter@4964d801, org.springframework.web.filter.CorsFilter@6413eeb7, org.springframework.security.web.authentication.logout.LogoutFilter@13e6c544, com.library.security.AuthTokenFilter@4ed19540, org.springframework.security.web.savedrequest.RequestCacheAwareFilter@231c521e, org.springframework.security.web.servletapi.SecurityContextHolderAwareRequestFilter@296949c8, org.springframework.security.web.authentication.AnonymousAuthenticationFilter@956cf3d, org.springframework.security.web.session.SessionManagementFilter@518b0c12, org.springframework.security.web.access.ExceptionTranslationFilter@736a8aea, org.springframework.security.web.access.intercept.AuthorizationFilter@47fbf95e]
2026-04-07T11:15:44.683+05:30  WARN 11552 --- [library-backend] [           main] ConfigServletWebServerApplicationContext : Exception encountered during context initialization - cancelling refresh attempt: org.springframework.context.ApplicationContextException: Failed to start bean 'webServerStartStop'
2026-04-07T11:15:44.685+05:30  INFO 11552 --- [library-backend] [           main] j.LocalContainerEntityManagerFactoryBean : Closing JPA EntityManagerFactory for persistence unit 'default'
2026-04-07T11:15:44.687+05:30  INFO 11552 --- [library-backend] [           main] com.zaxxer.hikari.HikariDataSource       : HikariPool-1 - Shutdown initiated...
2026-04-07T11:15:44.695+05:30  INFO 11552 --- [library-backend] [           main] com.zaxxer.hikari.HikariDataSource       : HikariPool-1 - Shutdown completed.
2026-04-07T11:15:44.707+05:30  INFO 11552 --- [library-backend] [           main] .s.b.a.l.ConditionEvaluationReportLogger : 

Error starting ApplicationContext. To display the condition evaluation report re-run your application with 'debug' enabled.
2026-04-07T11:15:44.728+05:30 ERROR 11552 --- [library-backend] [           main] o.s.b.d.LoggingFailureAnalysisReporter   : 

***************************
APPLICATION FAILED TO START
***************************

Description:

Web server failed to start. Port 8080 was already in use.

Action:

Identify and stop the process that's listening on port 8080 or configure this application to listen on another port.

[INFO] ------------------------------------------------------------------------
[INFO] BUILD FAILURE
[INFO] ------------------------------------------------------------------------
[INFO] Total time:  9.121 s
[INFO] Finished at: 2026-04-07T11:15:44+05:30
[INFO] ------------------------------------------------------------------------
[ERROR] Failed to execute goal org.springframework.boot:spring-boot-maven-plugin:3.2.4:run (default-cli) on project library-backend: Process terminated with exit code: 1 -> [Help 1]
[ERROR] 
[ERROR] To see the full stack trace of the errors, re-run Maven with the -e switch.
[ERROR] Re-run Maven using the -X switch to enable full debug logging.
[ERROR] 
[ERROR] For more information about the errors and possible solutions, please read the following articles:
[ERROR] [Help 1] http://cwiki.apache.org/confluence/display/MAVEN/MojoExecutionException
